<?xml version="1.0" encoding="UTF-8"?>
<robot generator="Robot 7.3.1 (Python 3.13.5 on darwin)" generated="2025-06-24T20:44:59.286534" rpa="false" schemaversion="5">
<suite id="s1" name="RobotFramework" source="/Users/apple/Documents/PythonProject/RobotFramework">
<suite id="s1-s1" name="Tests" source="/Users/apple/Documents/PythonProject/RobotFramework/Tests">
<suite id="s1-s1-s1" name="TestDemo4" source="/Users/apple/Documents/PythonProject/RobotFramework/Tests/TestDemo4.robot">
<test id="s1-s1-s1-t1" name="1.1 Verify the Login" line="12">
<kw name="open the browser for mortgauge payment url">
<kw name="Create Webdriver" owner="SeleniumLibrary">
<msg time="2025-06-24T20:44:59.391212" level="INFO">Creating an instance of the Chrome WebDriver.</msg>
<arg>Chrome</arg>
<doc>Creates an instance of Selenium WebDriver.</doc>
<status status="PASS" start="2025-06-24T20:44:59.391112" elapsed="1.442057"/>
</kw>
<kw name="Go To" owner="SeleniumLibrary">
<msg time="2025-06-24T20:45:00.833753" level="INFO">Opening url 'https://rahulshettyacademy.com/loginpagePractise/'</msg>
<arg>https://rahulshettyacademy.com/loginpagePractise/</arg>
<doc>Navigates the current browser window to the provided ``url``.</doc>
<status status="PASS" start="2025-06-24T20:45:00.833592" elapsed="1.238535"/>
</kw>
<status status="PASS" start="2025-06-24T20:44:59.390733" elapsed="2.681511"/>
</kw>
<kw name="Close Browser" owner="SeleniumLibrary" type="TEARDOWN">
<doc>Closes the current browser.</doc>
<status status="PASS" start="2025-06-24T20:45:02.072478" elapsed="0.070897"/>
</kw>
<doc>WHEN the user launch the web URL ${/n}
THEN login page is displayed ${/n}</doc>
<status status="PASS" start="2025-06-24T20:44:59.390317" elapsed="2.753162"/>
</test>
<doc>verify the Login Successful</doc>
<status status="PASS" start="2025-06-24T20:44:59.300954" elapsed="2.842878"/>
</suite>
<status status="PASS" start="2025-06-24T20:44:59.300502" elapsed="2.843633"/>
</suite>
<status status="PASS" start="2025-06-24T20:44:59.287103" elapsed="2.857210"/>
</suite>
<statistics>
<total>
<stat pass="1" fail="0" skip="0">All Tests</stat>
</total>
<tag>
</tag>
<suite>
<stat name="RobotFramework" id="s1" pass="1" fail="0" skip="0">RobotFramework</stat>
<stat name="Tests" id="s1-s1" pass="1" fail="0" skip="0">RobotFramework.Tests</stat>
<stat name="TestDemo4" id="s1-s1-s1" pass="1" fail="0" skip="0">RobotFramework.Tests.TestDemo4</stat>
</suite>
</statistics>
<errors>
</errors>
</robot>
